Using pre-set license
Built from '2020.3/staging' branch; Version is '2020.3.4f1 (0abb6314276a) revision 703331'; Using compiler version '192528614'; Build Type 'Release'
OS: 'Windows 10 Home Single Language; OS build 19041.985; Version 2004; 64bit' Language: 'tr' Physical Memory: 16178 MB
BatchMode: 1, IsHumanControllingUs: 0, StartBugReporterOnCrash: 0, Is64bit: 1, IsPro: 0

 COMMAND LINE ARGUMENTS:
C:\Program Files\Unity\Hub\Editor\2020.3.4f1\Editor\Unity.exe
-adb2
-batchMode
-noUpm
-name
AssetImportWorker0
-projectPath
C:/Users/Berke ERDEM/Desktop/EzgiGözdeCarGmae/CarRace
-logFile
Logs/AssetImportWorker0.log
-srvPort
55312
Successfully changed project path to: C:/Users/Berke ERDEM/Desktop/EzgiGözdeCarGmae/CarRace
C:/Users/Berke ERDEM/Desktop/EzgiGözdeCarGmae/CarRace
Using Asset Import Pipeline V2.
Refreshing native plugins compatible for Editor in 351.68 ms, found 0 plugins.
Preloading 0 native plugins for Editor in 0.00 ms.
Initialize engine version: 2020.3.4f1 (0abb6314276a)
[Subsystems] Discovering subsystems at path C:/Program Files/Unity/Hub/Editor/2020.3.4f1/Editor/Data/Resources/UnitySubsystems
[Subsystems] Discovering subsystems at path C:/Users/Berke ERDEM/Desktop/EzgiGözdeCarGmae/CarRace/Assets
GfxDevice: creating device client; threaded=0
Direct3D:
    Version:  Direct3D 11.0 [level 11.0]
    Renderer: NVIDIA GeForce GTX 950M (ID=0x139a)
    Vendor:   
    VRAM:     4055 MB
    Driver:   26.21.14.4587
Initialize mono
Mono path[0] = 'C:/Program Files/Unity/Hub/Editor/2020.3.4f1/Editor/Data/Managed'
Mono path[1] = 'C:/Program Files/Unity/Hub/Editor/2020.3.4f1/Editor/Data/MonoBleedingEdge/lib/mono/unityjit'
Mono config path = 'C:/Program Files/Unity/Hub/Editor/2020.3.4f1/Editor/Data/MonoBleedingEdge/etc'
Using monoOptions --debugger-agent=transport=dt_socket,embedding=1,server=y,suspend=n,address=127.0.0.1:56204
Begin MonoManager ReloadAssembly
Registering precompiled unity dll's ...
Register platform support module: C:/Program Files/Unity/Hub/Editor/2020.3.4f1/Editor/Data/PlaybackEngines/WebGLSupport/UnityEditor.WebGL.Extensions.dll
Register platform support module: C:/Program Files/Unity/Hub/Editor/2020.3.4f1/Editor/Data/PlaybackEngines/WindowsStandaloneSupport/UnityEditor.WindowsStandalone.Extensions.dll
Registered in 0.012551 seconds.
Native extension for WindowsStandalone target not found
Native extension for WebGL target not found
Refreshing native plugins compatible for Editor in 200.61 ms, found 0 plugins.
Preloading 0 native plugins for Editor in 0.00 ms.
Mono: successfully reloaded assembly
- Completed reload, in  7.933 seconds
Platform modules already initialized, skipping
Registering precompiled user dll's ...
Registered in 0.003655 seconds.
Begin MonoManager ReloadAssembly
Native extension for WindowsStandalone target not found
Native extension for WebGL target not found
Refreshing native plugins compatible for Editor in 1.27 ms, found 0 plugins.
Preloading 0 native plugins for Editor in 0.00 ms.
Mono: successfully reloaded assembly
- Completed reload, in  4.601 seconds
Platform modules already initialized, skipping
========================================================================
Worker process is ready to serve import requests
Launched and connected shader compiler UnityShaderCompiler.exe after 0.29 seconds
Refreshing native plugins compatible for Editor in 0.95 ms, found 0 plugins.
Preloading 0 native plugins for Editor in 0.00 ms.
Unloading 1254 Unused Serialized files (Serialized files now loaded: 0)
System memory in use before: 86.6 MB.
System memory in use after: 86.3 MB.

Unloading 12 unused Assets to reduce memory usage. Loaded Objects now: 1728.
Total: 10.113700 ms (FindLiveObjects: 0.475900 ms CreateObjectMapping: 0.282600 ms MarkObjects: 6.382900 ms  DeleteObjects: 2.964700 ms)

========================================================================
Received Import Request.
  path: Assets/Scenes/SampleScene.unity
  artifactKey: Guid(9fc0d4010bbf28b4594072e72b8655ab) Importer(815301076,1909f56bfc062723c751e8b465ee728b)
Start importing Assets/Scenes/SampleScene.unity using Guid(9fc0d4010bbf28b4594072e72b8655ab) Importer(815301076,1909f56bfc062723c751e8b465ee728b)  -> (artifact id: '02c062428ae45b5f9af88ee616d36c2b') in 0.094806 seconds
  Import took 0.111313 seconds .

========================================================================
Received Import Request.
  Time since last request: 593.413237 seconds.
  path: Assets/Scenes/Finish.png
  artifactKey: Guid(27cb213671f2a5546862e054ba2b8713) Importer(815301076,1909f56bfc062723c751e8b465ee728b)
Start importing Assets/Scenes/Finish.png using Guid(27cb213671f2a5546862e054ba2b8713) Importer(815301076,1909f56bfc062723c751e8b465ee728b)  -> (artifact id: '4bad07d86c220bab145eed3c8c63273c') in 0.404461 seconds
  Import took 0.419171 seconds .

========================================================================
Received Import Request.
  Time since last request: 11.138487 seconds.
  path: Assets/Finish.png
  artifactKey: Guid(2030dd3b1e6bc71419bae1499a514e29) Importer(815301076,1909f56bfc062723c751e8b465ee728b)
Start importing Assets/Finish.png using Guid(2030dd3b1e6bc71419bae1499a514e29) Importer(815301076,1909f56bfc062723c751e8b465ee728b)  -> (artifact id: '7a40ada308174aec385593bb65cf594e') in 0.074727 seconds
  Import took 0.088120 seconds .

========================================================================
Received Import Request.
  Time since last request: 10.568562 seconds.
  path: Assets/ToonyTinyPeople/TT_demo/sample_scene/quad.tga
  artifactKey: Guid(5781fa2bdcc6cfc4aa608dc751feff4d) Importer(815301076,1909f56bfc062723c751e8b465ee728b)
Start importing Assets/ToonyTinyPeople/TT_demo/sample_scene/quad.tga using Guid(5781fa2bdcc6cfc4aa608dc751feff4d) Importer(815301076,1909f56bfc062723c751e8b465ee728b)  -> (artifact id: '61e2d8df15d093b1d57d43f8489697ed') in 0.181806 seconds
  Import took 0.199576 seconds .

========================================================================
Received Prepare
Registering precompiled user dll's ...
Registered in 0.004635 seconds.
Begin MonoManager ReloadAssembly
Native extension for WindowsStandalone target not found
Native extension for WebGL target not found
Refreshing native plugins compatible for Editor in 1.15 ms, found 0 plugins.
Preloading 0 native plugins for Editor in 0.00 ms.
Mono: successfully reloaded assembly
- Completed reload, in  5.687 seconds
Platform modules already initialized, skipping
Refreshing native plugins compatible for Editor in 1.95 ms, found 0 plugins.
Preloading 0 native plugins for Editor in 0.00 ms.
Unloading 1225 Unused Serialized files (Serialized files now loaded: 0)
System memory in use before: 84.3 MB.
System memory in use after: 84.0 MB.

Unloading 7 unused Assets to reduce memory usage. Loaded Objects now: 1733.
Total: 17.927100 ms (FindLiveObjects: 2.954300 ms CreateObjectMapping: 0.650800 ms MarkObjects: 9.687600 ms  DeleteObjects: 4.627800 ms)

========================================================================
Received Import Request.
  Time since last request: 265.837936 seconds.
  path: Assets/Scenes/SampleScene
  artifactKey: Guid(8ece5058bfefdc14ba149f0d619d1aae) Importer(815301076,1909f56bfc062723c751e8b465ee728b)
Start importing Assets/Scenes/SampleScene using Guid(8ece5058bfefdc14ba149f0d619d1aae) Importer(815301076,1909f56bfc062723c751e8b465ee728b)  -> (artifact id: 'df8e79cad635fb6bdb6e4b7de457ba29') in 0.066105 seconds
  Import took 0.084679 seconds .

========================================================================
Received Import Request.
  Time since last request: 0.313340 seconds.
  path: Assets/Scenes/SampleScene.unity
  artifactKey: Guid(9fc0d4010bbf28b4594072e72b8655ab) Importer(815301076,1909f56bfc062723c751e8b465ee728b)
Start importing Assets/Scenes/SampleScene.unity using Guid(9fc0d4010bbf28b4594072e72b8655ab) Importer(815301076,1909f56bfc062723c751e8b465ee728b)  -> (artifact id: '59c2c7ed0e338f701fbb64eaa00d8cd7') in 0.058555 seconds
  Import took 0.069847 seconds .

========================================================================
Received Import Request.
  Time since last request: 0.649475 seconds.
  path: Assets/Scenes/SampleScene.unity
  artifactKey: Guid(9fc0d4010bbf28b4594072e72b8655ab) Importer(815301076,1909f56bfc062723c751e8b465ee728b)
Start importing Assets/Scenes/SampleScene.unity using Guid(9fc0d4010bbf28b4594072e72b8655ab) Importer(815301076,1909f56bfc062723c751e8b465ee728b)  -> (artifact id: '59c2c7ed0e338f701fbb64eaa00d8cd7') in 0.013007 seconds
  Import took 0.025132 seconds .

========================================================================
Received Prepare
Registering precompiled user dll's ...
Registered in 0.004464 seconds.
Begin MonoManager ReloadAssembly
Native extension for WindowsStandalone target not found
Native extension for WebGL target not found
Refreshing native plugins compatible for Editor in 0.98 ms, found 0 plugins.
Preloading 0 native plugins for Editor in 0.00 ms.
Mono: successfully reloaded assembly
- Completed reload, in  4.112 seconds
Platform modules already initialized, skipping
Refreshing native plugins compatible for Editor in 0.97 ms, found 0 plugins.
Preloading 0 native plugins for Editor in 0.00 ms.
Unloading 1225 Unused Serialized files (Serialized files now loaded: 0)
System memory in use before: 84.3 MB.
System memory in use after: 84.0 MB.

Unloading 7 unused Assets to reduce memory usage. Loaded Objects now: 1736.
Total: 12.511500 ms (FindLiveObjects: 0.814800 ms CreateObjectMapping: 0.530400 ms MarkObjects: 8.738700 ms  DeleteObjects: 2.421700 ms)

========================================================================
Received Prepare
Registering precompiled user dll's ...
Registered in 0.005460 seconds.
Begin MonoManager ReloadAssembly
Native extension for WindowsStandalone target not found
Native extension for WebGL target not found
Refreshing native plugins compatible for Editor in 0.97 ms, found 0 plugins.
Preloading 0 native plugins for Editor in 0.00 ms.
Mono: successfully reloaded assembly
- Completed reload, in  5.226 seconds
Platform modules already initialized, skipping
Refreshing native plugins compatible for Editor in 1.58 ms, found 0 plugins.
Preloading 0 native plugins for Editor in 0.00 ms.
Unloading 1225 Unused Serialized files (Serialized files now loaded: 0)
System memory in use before: 84.4 MB.
System memory in use after: 84.1 MB.

Unloading 7 unused Assets to reduce memory usage. Loaded Objects now: 1739.
Total: 10.651400 ms (FindLiveObjects: 0.848200 ms CreateObjectMapping: 0.282100 ms MarkObjects: 7.488900 ms  DeleteObjects: 2.027500 ms)

========================================================================
Received Prepare
Registering precompiled user dll's ...
Registered in 0.004788 seconds.
Begin MonoManager ReloadAssembly
Native extension for WindowsStandalone target not found
Native extension for WebGL target not found
Refreshing native plugins compatible for Editor in 1.45 ms, found 0 plugins.
Preloading 0 native plugins for Editor in 0.00 ms.
Mono: successfully reloaded assembly
- Completed reload, in  5.371 seconds
Platform modules already initialized, skipping
Refreshing native plugins compatible for Editor in 1.10 ms, found 0 plugins.
Preloading 0 native plugins for Editor in 0.00 ms.
Unloading 1225 Unused Serialized files (Serialized files now loaded: 0)
System memory in use before: 84.4 MB.
System memory in use after: 84.1 MB.

Unloading 7 unused Assets to reduce memory usage. Loaded Objects now: 1742.
Total: 10.356000 ms (FindLiveObjects: 1.529100 ms CreateObjectMapping: 0.870200 ms MarkObjects: 5.962600 ms  DeleteObjects: 1.987400 ms)

========================================================================
Received Import Request.
  Time since last request: 895.207580 seconds.
  path: Assets/Scenes/SampleScene.unity
  artifactKey: Guid(9fc0d4010bbf28b4594072e72b8655ab) Importer(815301076,1909f56bfc062723c751e8b465ee728b)
Start importing Assets/Scenes/SampleScene.unity using Guid(9fc0d4010bbf28b4594072e72b8655ab) Importer(815301076,1909f56bfc062723c751e8b465ee728b)  -> (artifact id: 'b1907b76ccf8ba93febc879e9c84fe03') in 0.083804 seconds
  Import took 0.097988 seconds .

========================================================================
Received Import Request.
  Time since last request: 0.590109 seconds.
  path: Assets/Scenes/SampleScene.unity
  artifactKey: Guid(9fc0d4010bbf28b4594072e72b8655ab) Importer(815301076,1909f56bfc062723c751e8b465ee728b)
Start importing Assets/Scenes/SampleScene.unity using Guid(9fc0d4010bbf28b4594072e72b8655ab) Importer(815301076,1909f56bfc062723c751e8b465ee728b)  -> (artifact id: 'b1907b76ccf8ba93febc879e9c84fe03') in 0.030494 seconds
  Import took 0.051070 seconds .

========================================================================
Received Prepare
Registering precompiled user dll's ...
Registered in 0.005836 seconds.
Begin MonoManager ReloadAssembly
Native extension for WindowsStandalone target not found
Native extension for WebGL target not found
Refreshing native plugins compatible for Editor in 1.42 ms, found 0 plugins.
Preloading 0 native plugins for Editor in 0.00 ms.
Mono: successfully reloaded assembly
- Completed reload, in  3.923 seconds
Platform modules already initialized, skipping
Refreshing native plugins compatible for Editor in 1.01 ms, found 0 plugins.
Preloading 0 native plugins for Editor in 0.00 ms.
Unloading 1225 Unused Serialized files (Serialized files now loaded: 0)
System memory in use before: 84.4 MB.
System memory in use after: 84.1 MB.

Unloading 7 unused Assets to reduce memory usage. Loaded Objects now: 1745.
Total: 11.977200 ms (FindLiveObjects: 1.139000 ms CreateObjectMapping: 0.398300 ms MarkObjects: 8.296500 ms  DeleteObjects: 2.138100 ms)

========================================================================
Received Import Request.
  Time since last request: 4009.015443 seconds.
  path: Assets/ToonyTinyPeople/TT_demo/models/Materials/TT_demo_texture.tga
  artifactKey: Guid(7a97bf571a8477f449be264c891871e1) Importer(815301076,1909f56bfc062723c751e8b465ee728b)
Start importing Assets/ToonyTinyPeople/TT_demo/models/Materials/TT_demo_texture.tga using Guid(7a97bf571a8477f449be264c891871e1) Importer(815301076,1909f56bfc062723c751e8b465ee728b)  -> (artifact id: 'f1e5ef5c94715a8e2116556cfd282134') in 0.257922 seconds
  Import took 0.271379 seconds .

========================================================================
Received Import Request.
  Time since last request: 10.756256 seconds.
  path: Assets/Scenes/NewBrush.brush
  artifactKey: Guid(4e321ce744f9aa044a168ecfa5e3c440) Importer(815301076,1909f56bfc062723c751e8b465ee728b)
Start importing Assets/Scenes/NewBrush.brush using Guid(4e321ce744f9aa044a168ecfa5e3c440) Importer(815301076,1909f56bfc062723c751e8b465ee728b)  -> (artifact id: '074a15202e19057d1feaf0876d7c4c12') in 0.271910 seconds
  Import took 0.291444 seconds .

========================================================================
Received Import Request.
  Time since last request: 0.006662 seconds.
  path: Assets/Scenes/NewBrush.brush
  artifactKey: Guid(4e321ce744f9aa044a168ecfa5e3c440) Importer(815301076,1909f56bfc062723c751e8b465ee728b)
Start importing Assets/Scenes/NewBrush.brush using Guid(4e321ce744f9aa044a168ecfa5e3c440) Importer(815301076,1909f56bfc062723c751e8b465ee728b)  -> (artifact id: '074a15202e19057d1feaf0876d7c4c12') in 0.040142 seconds
  Import took 0.051938 seconds .

========================================================================
Received Import Request.
  Time since last request: 139.146818 seconds.
  path: Assets/Scenes/NewLayer.terrainlayer
  artifactKey: Guid(f4524c4a67d61b04f929d60d474377ad) Importer(815301076,1909f56bfc062723c751e8b465ee728b)
Start importing Assets/Scenes/NewLayer.terrainlayer using Guid(f4524c4a67d61b04f929d60d474377ad) Importer(815301076,1909f56bfc062723c751e8b465ee728b)  -> (artifact id: '84625872d8eb514b9d0290d622480180') in 0.215035 seconds
  Import took 0.245561 seconds .

========================================================================
Received Prepare
Registering precompiled user dll's ...
Registered in 0.005802 seconds.
Begin MonoManager ReloadAssembly
Native extension for WindowsStandalone target not found
Native extension for WebGL target not found
Refreshing native plugins compatible for Editor in 1.66 ms, found 0 plugins.
Preloading 0 native plugins for Editor in 0.00 ms.
Mono: successfully reloaded assembly
- Completed reload, in 13.758 seconds
Platform modules already initialized, skipping
Refreshing native plugins compatible for Editor in 1.32 ms, found 0 plugins.
Preloading 0 native plugins for Editor in 0.00 ms.
Unloading 1225 Unused Serialized files (Serialized files now loaded: 0)
System memory in use before: 87.4 MB.
System memory in use after: 87.2 MB.

Unloading 7 unused Assets to reduce memory usage. Loaded Objects now: 1756.
Total: 14.150600 ms (FindLiveObjects: 0.831700 ms CreateObjectMapping: 0.811800 ms MarkObjects: 9.941000 ms  DeleteObjects: 2.560400 ms)

AssetImportWorkerClient::OnTransportError - code=2 error=End of file
